<?xml version="1.0" encoding="UTF-8"?>
<!-- Generated by org.testng.reporters.JUnitReportReporter -->
<testsuite skipped="0" hostname="LAPTOP-UK7PKGHG" name="testNGDemo.FirstTC3priority" tests="3" failures="0" timestamp="12 Oct 2019 04:20:41 GMT" time="0.037" errors="0">
  <testcase name="b" time="0.027" classname="testNGDemo.FirstTC3priority"/>
  <testcase name="a" time="0.006" classname="testNGDemo.FirstTC3priority"/>
  <testcase name="c" time="0.004" classname="testNGDemo.FirstTC3priority"/>
</testsuite> <!-- testNGDemo.FirstTC3priority -->
