<?xml version="1.0" encoding="UTF-8"?>
<!-- Generated by org.testng.reporters.JUnitReportReporter -->
<testsuite skipped="0" hostname="LAPTOP-UK7PKGHG" name="testNGDemo.FirstTC" tests="3" failures="0" timestamp="12 Oct 2019 04:16:38 GMT" time="0.040" errors="0">
  <testcase name="TC03" time="0.002" classname="testNGDemo.FirstTC"/>
  <testcase name="TC01" time="0.033" classname="testNGDemo.FirstTC"/>
  <testcase name="TC02" time="0.005" classname="testNGDemo.FirstTC"/>
</testsuite> <!-- testNGDemo.FirstTC -->
