<?xml version="1.0" encoding="UTF-8"?>
<!-- Generated by org.testng.reporters.JUnitReportReporter -->
<testsuite skipped="0" hostname="LAPTOP-UK7PKGHG" name="SeleniumAdvance.autoItDemo" tests="1" failures="0" timestamp="13 Oct 2019 06:48:49 GMT" time="21.192" errors="0">
  <testcase name="uploadword" time="21.192" classname="SeleniumAdvance.autoItDemo"/>
</testsuite> <!-- SeleniumAdvance.autoItDemo -->
