<?xml version="1.0" encoding="UTF-8"?>
<!-- Generated by org.testng.reporters.JUnitReportReporter -->
<testsuite skipped="0" hostname="LAPTOP-UK7PKGHG" name="SeleniumAdvance.propertiesdemo" tests="1" failures="0" timestamp="13 Oct 2019 05:37:21 GMT" time="25.651" errors="0">
  <testcase name="TCcheckORProp" time="25.651" classname="SeleniumAdvance.propertiesdemo"/>
</testsuite> <!-- SeleniumAdvance.propertiesdemo -->
