<?xml version="1.0" encoding="UTF-8"?>
<!-- Generated by org.testng.reporters.JUnitReportReporter -->
<testsuite skipped="0" hostname="LAPTOP-UK7PKGHG" name="testNGDemo.FirstTC3priority5" tests="4" failures="0" timestamp="12 Oct 2019 04:29:30 GMT" time="0.047" errors="0">
  <testcase name="d" time="0.034" classname="testNGDemo.FirstTC3priority5"/>
  <testcase name="b" time="0.004" classname="testNGDemo.FirstTC3priority5"/>
  <testcase name="e" time="0.004" classname="testNGDemo.FirstTC3priority5"/>
  <testcase name="a" time="0.005" classname="testNGDemo.FirstTC3priority5"/>
</testsuite> <!-- testNGDemo.FirstTC3priority5 -->
