<?xml version="1.0" encoding="UTF-8"?>
<!-- Generated by org.testng.reporters.JUnitReportReporter -->
<testsuite skipped="2" hostname="LAPTOP-UK7PKGHG" name="testNGDemo.FirstTC3skip2" tests="3" failures="0" timestamp="12 Oct 2019 04:57:00 GMT" time="0.044" errors="0">
  <testcase name="TC02" time="0.039" classname="testNGDemo.FirstTC3skip2">
    <skipped/>
  </testcase> <!-- TC02 -->
  <testcase name="TC03" time="0.005" classname="testNGDemo.FirstTC3skip2"/>
  <testcase name="TC01" classname="testNGDemo.FirstTC3skip2">
    <skipped/>
  </testcase> <!-- TC01 -->
</testsuite> <!-- testNGDemo.FirstTC3skip2 -->
