<?xml version="1.0" encoding="UTF-8"?>
<!-- Generated by org.testng.reporters.JUnitReportReporter -->
<testsuite skipped="0" hostname="LAPTOP-UK7PKGHG" name="testNGDemo.FirstTC3Assert" tests="1" failures="0" timestamp="12 Oct 2019 04:44:37 GMT" time="0.033" errors="0">
  <testcase name="d" time="0.033" classname="testNGDemo.FirstTC3Assert"/>
</testsuite> <!-- testNGDemo.FirstTC3Assert -->
