<?xml version="1.0" encoding="UTF-8"?>
<!-- Generated by org.testng.reporters.JUnitReportReporter -->
<testsuite skipped="1" hostname="LAPTOP-UK7PKGHG" name="testNGDemo.FirstTC3skip" tests="3" failures="0" timestamp="12 Oct 2019 04:55:31 GMT" time="0.026" errors="0">
  <testcase name="TC02" time="0.022" classname="testNGDemo.FirstTC3skip"/>
  <testcase name="TC03" time="0.004" classname="testNGDemo.FirstTC3skip"/>
  <testcase name="TC01" classname="testNGDemo.FirstTC3skip">
    <skipped/>
  </testcase> <!-- TC01 -->
</testsuite> <!-- testNGDemo.FirstTC3skip -->
