<?xml version="1.0" encoding="UTF-8"?>
<!-- Generated by org.testng.reporters.JUnitReportReporter -->
<testsuite skipped="0" hostname="LAPTOP-UK7PKGHG" name="testNGMultiple.SecondTC" tests="2" failures="0" timestamp="19 Oct 2019 05:18:35 GMT" time="0.006" errors="0">
  <testcase name="STC02" time="0.003" classname="testNGMultiple.SecondTC"/>
  <testcase name="STC01" time="0.003" classname="testNGMultiple.SecondTC"/>
</testsuite> <!-- testNGMultiple.SecondTC -->
