<?xml version="1.0" encoding="UTF-8"?>
<!-- Generated by org.testng.reporters.JUnitReportReporter -->
<testsuite skipped="0" hostname="LAPTOP-UK7PKGHG" name="testNGDemo.FirstTC3priority2" tests="3" failures="0" timestamp="12 Oct 2019 04:24:27 GMT" time="0.033" errors="0">
  <testcase name="bb" time="0.025" classname="testNGDemo.FirstTC3priority2"/>
  <testcase name="b" time="0.005" classname="testNGDemo.FirstTC3priority2"/>
  <testcase name="a" time="0.003" classname="testNGDemo.FirstTC3priority2"/>
</testsuite> <!-- testNGDemo.FirstTC3priority2 -->
