<?xml version="1.0" encoding="UTF-8"?>
<!-- Generated by org.testng.reporters.JUnitReportReporter -->
<testsuite skipped="0" hostname="LAPTOP-UK7PKGHG" name="testNGDemo.FirstTC3Annotation2" tests="4" failures="0" timestamp="12 Oct 2019 04:35:37 GMT" time="0.038" errors="0">
  <testcase name="e" time="0.023" classname="testNGDemo.FirstTC3Annotation2"/>
  <testcase name="d" time="0.004" classname="testNGDemo.FirstTC3Annotation2"/>
  <testcase name="b" time="0.007" classname="testNGDemo.FirstTC3Annotation2"/>
  <testcase name="a" time="0.004" classname="testNGDemo.FirstTC3Annotation2"/>
</testsuite> <!-- testNGDemo.FirstTC3Annotation2 -->
