<?xml version="1.0" encoding="UTF-8"?>
<!-- Generated by org.testng.reporters.JUnitReportReporter -->
<testsuite skipped="0" hostname="LAPTOP-UK7PKGHG" name="testNGDemo.FirstTC2" tests="3" failures="0" timestamp="12 Oct 2019 04:18:32 GMT" time="0.031" errors="0">
  <testcase name="c" time="0.003" classname="testNGDemo.FirstTC2"/>
  <testcase name="a" time="0.024" classname="testNGDemo.FirstTC2"/>
  <testcase name="b" time="0.004" classname="testNGDemo.FirstTC2"/>
</testsuite> <!-- testNGDemo.FirstTC2 -->
