<?xml version="1.0" encoding="UTF-8"?>
<!-- Generated by org.testng.reporters.JUnitReportReporter -->
<testsuite skipped="0" hostname="LAPTOP-UK7PKGHG" name="testNGMultiple.FirstTC" tests="2" failures="0" timestamp="19 Oct 2019 07:12:14 GMT" time="0.018" errors="0">
  <testcase name="FTC01" time="0.013" classname="testNGMultiple.FirstTC"/>
  <testcase name="FTC02" time="0.005" classname="testNGMultiple.FirstTC"/>
</testsuite> <!-- testNGMultiple.FirstTC -->
