<?xml version="1.0" encoding="UTF-8"?>
<!-- Generated by org.testng.reporters.JUnitReportReporter -->
<testsuite skipped="0" hostname="LAPTOP-UK7PKGHG" name="SeleniumAdvance.verifyloginfb" tests="1" failures="0" timestamp="13 Oct 2019 06:40:35 GMT" time="24.395" errors="0">
  <testcase name="TCverifyloginfacebook" time="24.395" classname="SeleniumAdvance.verifyloginfb"/>
</testsuite> <!-- SeleniumAdvance.verifyloginfb -->
