<?xml version="1.0" encoding="UTF-8"?>
<!-- Generated by org.testng.reporters.JUnitReportReporter -->
<testsuite skipped="0" hostname="LAPTOP-UK7PKGHG" name="testNGDemo.FirstTC3priority4" tests="4" failures="0" timestamp="12 Oct 2019 04:27:35 GMT" time="0.054" errors="0">
  <testcase name="d" time="0.040" classname="testNGDemo.FirstTC3priority4"/>
  <testcase name="e" time="0.005" classname="testNGDemo.FirstTC3priority4"/>
  <testcase name="b" time="0.004" classname="testNGDemo.FirstTC3priority4"/>
  <testcase name="a" time="0.005" classname="testNGDemo.FirstTC3priority4"/>
</testsuite> <!-- testNGDemo.FirstTC3priority4 -->
