<?xml version="1.0" encoding="UTF-8"?>
<!-- Generated by org.testng.reporters.JUnitReportReporter -->
<testsuite skipped="0" hostname="LAPTOP-UK7PKGHG" name="testNGDemo.FirstTC3Annotation3" tests="2" failures="0" timestamp="12 Oct 2019 04:53:13 GMT" time="0.024" errors="0">
  <testcase name="d" time="0.019" classname="testNGDemo.FirstTC3Annotation3"/>
  <testcase name="e" time="0.005" classname="testNGDemo.FirstTC3Annotation3"/>
</testsuite> <!-- testNGDemo.FirstTC3Annotation3 -->
