<?xml version="1.0" encoding="UTF-8"?>
<!-- Generated by org.testng.reporters.JUnitReportReporter -->
<testsuite skipped="0" hostname="LAPTOP-UK7PKGHG" name="testNGDemo.test" tests="2" failures="0" timestamp="12 Oct 2019 06:43:52 GMT" time="0.024" errors="0">
  <testcase name="testCase2" time="0.007" classname="testNGDemo.test"/>
  <testcase name="testCase1" time="0.017" classname="testNGDemo.test"/>
</testsuite> <!-- testNGDemo.test -->
