<?xml version="1.0" encoding="UTF-8"?>
<!-- Generated by org.testng.reporters.JUnitReportReporter -->
<testsuite skipped="0" hostname="LAPTOP-UK7PKGHG" name="testNGDemo.FirstTC3Annotation" tests="4" failures="0" timestamp="12 Oct 2019 04:33:29 GMT" time="0.034" errors="0">
  <testcase name="d" time="0.019" classname="testNGDemo.FirstTC3Annotation"/>
  <testcase name="e" time="0.004" classname="testNGDemo.FirstTC3Annotation"/>
  <testcase name="b" time="0.006" classname="testNGDemo.FirstTC3Annotation"/>
  <testcase name="a" time="0.005" classname="testNGDemo.FirstTC3Annotation"/>
</testsuite> <!-- testNGDemo.FirstTC3Annotation -->
