<?xml version="1.0" encoding="UTF-8"?>
<!-- Generated by org.testng.reporters.JUnitReportReporter -->
<testsuite skipped="0" hostname="LAPTOP-UK7PKGHG" name="testNGDemo.FirstTC3priority3" tests="3" failures="0" timestamp="12 Oct 2019 04:25:08 GMT" time="0.040" errors="0">
  <testcase name="e" time="0.030" classname="testNGDemo.FirstTC3priority3"/>
  <testcase name="b" time="0.004" classname="testNGDemo.FirstTC3priority3"/>
  <testcase name="a" time="0.006" classname="testNGDemo.FirstTC3priority3"/>
</testsuite> <!-- testNGDemo.FirstTC3priority3 -->
