<?xml version="1.0" encoding="UTF-8"?>
<!-- Generated by org.testng.reporters.JUnitReportReporter -->
<testsuite skipped="0" hostname="LAPTOP-UK7PKGHG" name="testNGDemo.parameterDP" tests="2" failures="0" timestamp="12 Oct 2019 05:43:04 GMT" time="0.025" errors="0">
  <testcase name="loginwithdiffData" time="0.005" classname="testNGDemo.parameterDP"/>
  <testcase name="loginwithdiffData" time="0.020" classname="testNGDemo.parameterDP"/>
</testsuite> <!-- testNGDemo.parameterDP -->
